<?xml version="1.0" encoding="UTF-8"?>
<!-- Generated by org.testng.reporters.JUnitXMLReporter -->
<testsuite ignored="2" hostname="DESKTOP-K462EQS" failures="0" tests="1" name="Default test" time="24.032" errors="0" timestamp="2023-02-03T12:29:36 IST">
  <testcase classname="techPandaMavenTest.TechPandaTest" name="addToCartFunctionality" time="9.865"/>
  <testcase classname="techPandaMavenTest.TechPandaTest" name="sortedByFunctionality" time="0.0">
    <ignored/>
  </testcase> <!-- sortedByFunctionality -->
  <testcase classname="techPandaMavenTest.TechPandaTest" name="compairingTwoProduct" time="0.0">
    <ignored/>
  </testcase> <!-- compairingTwoProduct -->
</testsuite> <!-- Default test -->
