<?xml version="1.0" encoding="UTF-8"?>
<!-- Generated by org.testng.reporters.JUnitXMLReporter -->
<testsuite ignored="0" hostname="DESKTOP-K462EQS" failures="0" tests="3" name="Default test" time="44.392" errors="0" timestamp="2023-02-03T14:58:57 IST">
  <testcase classname="techPandaMavenTest.TechPandaTest" name="sortedByFunctionality" time="8.957"/>
  <testcase classname="techPandaMavenTest.TechPandaTest" name="addToCartFunctionality" time="8.021"/>
  <testcase classname="techPandaMavenTest.TechPandaTest" name="compairingTwoProduct" time="12.455"/>
</testsuite> <!-- Default test -->
