<?xml version="1.0" encoding="UTF-8"?>
<!-- Generated by org.testng.reporters.JUnitXMLReporter -->
<testsuite ignored="0" hostname="DESKTOP-K462EQS" failures="0" tests="3" name="Test" time="44.268" errors="0" timestamp="2023-02-03T15:08:55 IST">
  <testcase classname="techPandaMavenTest.TechPandaTest" name="sortedByFunctionality" time="8.043"/>
  <testcase classname="techPandaMavenTest.TechPandaTest" name="addToCartFunctionality" time="8.22"/>
  <testcase classname="techPandaMavenTest.TechPandaTest" name="compairingTwoProduct" time="12.746"/>
</testsuite> <!-- Test -->
