<?xml version="1.0" encoding="UTF-8"?>
<testsuite xmlns:xsi="http://www.w3.org/2001/XMLSchema-instance" xsi:noNamespaceSchemaLocation="https://maven.apache.org/surefire/maven-surefire-plugin/xsd/surefire-test-report-3.0.xsd" version="3.0" name="TestSuite" time="19.952" tests="1" errors="0" skipped="0" failures="0">
  <properties>
[...]
</properties>
  <testcase name="sortedByFunctionality" classname="techPandaMavenTest.TechPandaTest" time="3.553">
    <system-err><![CDATA[SLF4J: Failed to load class "org.slf4j.impl.StaticLoggerBinder".
SLF4J: Defaulting to no-operation (NOP) logger implementation
SLF4J: See http://www.slf4j.org/codes.html#StaticLoggerBinder for further details.
ERROR StatusLogger Log4j2 could not find a logging implementation. Please add log4j-core to the classpath. Using SimpleLogger to log to the console...
1674609579967	geckodriver	INFO	Listening on 127.0.0.1:47796
1674609581590	mozrunner::runner	INFO	Running command: "C:\\Program Files\\Mozilla Firefox\\firefox.exe" "--marionette" "--remote-debugging-port" "49029" "--remote-allow-hosts" "localhost" "--remote-allow-origins" "http://127.0.0.1:49029/,http://localhost:49029/,http://[::1]:49029/" "-no-remote" "-profile" "C:\\Users\\DELL\\AppData\\Local\\Temp\\rust_mozprofileUovwoH"
1674609582204	Marionette	INFO	Marionette enabled
1674609582212	Marionette	INFO	Listening on port 50442
Read port: 50442
WebDriver BiDi listening on ws://127.0.0.1:49029
1674609582451	RemoteAgent	WARN	TLS certificate errors will be ignored for this session
console.warn: SearchSettings: "get: No settings file exists, new profile?" (new NotFoundError("Could not open the file at C:\\Users\\DELL\\AppData\\Local\\Temp\\rust_mozprofileUovwoH\\search.json.mozlz4", (void 0)))
DevTools listening on ws://127.0.0.1:49029/devtools/browser/9b7dbf6b-770b-4cca-8761-85c8b780ccae
JavaScript error: , line 0: uncaught exception: undefined
JavaScript error: , line 0: uncaught exception: undefined
]]></system-err>
  </testcase>
</testsuite>