<?xml version="1.0" encoding="UTF-8"?>
<testng-results ignored="0" total="1" passed="1" failed="0" skipped="0">
  <reporter-output>
  </reporter-output>
  <suite started-at="2023-01-25T06:49:38 IST" name="Suite" finished-at="2023-01-25T06:49:57 IST" duration-ms="19075">
    <groups>
    </groups>
    <test started-at="2023-01-25T06:49:38 IST" name="Test" finished-at="2023-01-25T06:49:57 IST" duration-ms="19075">
      <class name="techPandaMavenTest.TechPandaTest">
        <test-method is-config="true" signature="launchingVctc()[pri:0, instance:techPandaMavenTest.TechPandaTest@2b48a640]" started-at="2023-01-25T06:49:38 IST" name="launchingVctc" finished-at="2023-01-25T06:49:51 IST" duration-ms="13410" status="PASS">
          <reporter-output>
          </reporter-output>
        </test-method> <!-- launchingVctc -->
        <test-method signature="sortedByFunctionality()[pri:0, instance:techPandaMavenTest.TechPandaTest@2b48a640]" started-at="2023-01-25T06:49:51 IST" name="sortedByFunctionality" finished-at="2023-01-25T06:49:55 IST" duration-ms="3805" status="PASS">
          <reporter-output>
          </reporter-output>
        </test-method> <!-- sortedByFunctionality -->
        <test-method is-config="true" signature="closingBrowser()[pri:0, instance:techPandaMavenTest.TechPandaTest@2b48a640]" started-at="2023-01-25T06:49:55 IST" name="closingBrowser" finished-at="2023-01-25T06:49:57 IST" duration-ms="1771" status="PASS">
          <reporter-output>
          </reporter-output>
        </test-method> <!-- closingBrowser -->
      </class> <!-- techPandaMavenTest.TechPandaTest -->
    </test> <!-- Test -->
  </suite> <!-- Suite -->
</testng-results>
