<?xml version="1.0" encoding="UTF-8"?>
<testng-results ignored="2" total="3" passed="1" failed="0" skipped="0">
  <reporter-output>
    <line>
      <![CDATA[Actual and Expected Error are same]]>
    </line>
    <line>
      <![CDATA[cart is empty]]>
    </line>
  </reporter-output>
  <suite started-at="2023-02-03T12:29:12 IST" name="Default suite" finished-at="2023-02-03T12:29:36 IST" duration-ms="24032">
    <groups>
    </groups>
    <test started-at="2023-02-03T12:29:12 IST" name="Default test" finished-at="2023-02-03T12:29:36 IST" duration-ms="24032">
      <class name="techPandaMavenTest.TechPandaTest">
        <test-method is-config="true" signature="launchingVctc()[pri:0, instance:techPandaMavenTest.TechPandaTest@2805d709]" started-at="2023-02-03T12:29:12 IST" name="launchingVctc" finished-at="2023-02-03T12:29:25 IST" duration-ms="12456" status="PASS">
          <reporter-output>
          </reporter-output>
        </test-method> <!-- launchingVctc -->
        <test-method signature="addToCartFunctionality()[pri:0, instance:techPandaMavenTest.TechPandaTest@2805d709]" started-at="2023-02-03T12:29:25 IST" name="addToCartFunctionality" finished-at="2023-02-03T12:29:35 IST" duration-ms="9865" status="PASS">
          <reporter-output>
            <line>
              <![CDATA[Actual and Expected Error are same]]>
            </line>
            <line>
              <![CDATA[cart is empty]]>
            </line>
          </reporter-output>
        </test-method> <!-- addToCartFunctionality -->
        <test-method is-config="true" signature="closingBrowser()[pri:0, instance:techPandaMavenTest.TechPandaTest@2805d709]" started-at="2023-02-03T12:29:35 IST" name="closingBrowser" finished-at="2023-02-03T12:29:36 IST" duration-ms="1602" status="PASS">
          <reporter-output>
          </reporter-output>
        </test-method> <!-- closingBrowser -->
      </class> <!-- techPandaMavenTest.TechPandaTest -->
    </test> <!-- Default test -->
  </suite> <!-- Default suite -->
</testng-results>
